<?xml version="1.0" encoding="UTF-8"?>
<!-- Generated by org.testng.reporters.JUnitReportReporter -->
<testsuite skipped="0" hostname="Iffat" name="com.herokuapp.theinternet.NegativeTests" tests="3" failures="0" timestamp="2020-10-10T13:49:38 PKT" time="3.502" errors="0">
  <testcase name="negativeUsernameaAndPasswordTest" time="1.136" classname="com.herokuapp.theinternet.NegativeTests"/>
  <system-out/>
  <testcase name="negativePasswordTest" time="1.219" classname="com.herokuapp.theinternet.NegativeTests"/>
  <system-out/>
  <testcase name="negativeUsernameTest" time="1.147" classname="com.herokuapp.theinternet.NegativeTests"/>
  <system-out/>
</testsuite> <!-- com.herokuapp.theinternet.NegativeTests -->
