<?xml version="1.0" encoding="UTF-8"?>
<!-- Generated by org.testng.reporters.JUnitReportReporter -->
<testsuite skipped="0" hostname="Iffat" name="com.herokuapp.theinternet.LoginTests" tests="4" failures="0" timestamp="2020-10-11T00:38:21 PKT" time="3.461" errors="0">
  <testcase name="negativeUsernameTest" time="0.878" classname="com.herokuapp.theinternet.LoginTests"/>
  <system-out/>
  <testcase name="negativePasswordTest" time="0.812" classname="com.herokuapp.theinternet.LoginTests"/>
  <system-out/>
  <testcase name="negativeUsernameaAndPasswordTest" time="0.862" classname="com.herokuapp.theinternet.LoginTests"/>
  <system-out/>
  <testcase name="positiveLoginTest" time="0.909" classname="com.herokuapp.theinternet.LoginTests"/>
  <system-out/>
</testsuite> <!-- com.herokuapp.theinternet.LoginTests -->
