<?xml version="1.0" encoding="UTF-8"?>
<!-- Generated by org.testng.reporters.JUnitReportReporter -->
<testsuite skipped="0" hostname="Iffat" name="com.herokuapp.theinternet.SeleniumWait" tests="2" failures="0" timestamp="2020-10-13T21:14:52 PKT" time="75.495" errors="0">
  <testcase name="waitForHelloWorld" time="33.720" classname="com.herokuapp.theinternet.SeleniumWait"/>
  <system-out/>
  <testcase name="waitForHelloWorld2" time="41.775" classname="com.herokuapp.theinternet.SeleniumWait"/>
  <system-out/>
</testsuite> <!-- com.herokuapp.theinternet.SeleniumWait -->
