<?xml version="1.0" encoding="UTF-8"?>
<!-- Generated by org.testng.reporters.JUnitReportReporter -->
<testsuite hostname="Iffat" failures="0" tests="1" name="com.herokuapp.theinternet.PositiveTests" time="22.763" errors="0" timestamp="2020-10-04T00:48:17 PKT" skipped="0">
  <testcase classname="com.herokuapp.theinternet.PositiveTests" name="loginTest" time="22.763"/>
  <system-out/>
</testsuite> <!-- com.herokuapp.theinternet.PositiveTests -->
